  Clock.cpp
C:\Users\F-04\Desktop\taeyong\제출\CHAPTER4_Timer\CHAPTER4\Clock.cpp(4,15): warning C4244:  '초기화 중': 'int'에서 'float'(으)로 변환하면서 데이터가 손실될 수 있습니다.
C:\Users\F-04\Desktop\taeyong\제출\CHAPTER4_Timer\CHAPTER4\Clock.cpp(4,21): warning C4244:  '초기화 중': 'int'에서 'float'(으)로 변환하면서 데이터가 손실될 수 있습니다.
C:\Users\F-04\Desktop\taeyong\제출\CHAPTER4_Timer\CHAPTER4\Clock.cpp(4,31): warning C4244:  '초기화 중': 'int'에서 'float'(으)로 변환하면서 데이터가 손실될 수 있습니다.
C:\Users\F-04\Desktop\taeyong\제출\CHAPTER4_Timer\CHAPTER4\Clock.cpp(4,46): warning C4244:  '초기화 중': 'int'에서 'float'(으)로 변환하면서 데이터가 손실될 수 있습니다.
C:\Users\F-04\Desktop\taeyong\제출\CHAPTER4_Timer\CHAPTER4\Clock.cpp(80,64): warning C4244:  '인수': 'float'에서 'int'(으)로 변환하면서 데이터가 손실될 수 있습니다.
C:\Users\F-04\Desktop\taeyong\제출\CHAPTER4_Timer\CHAPTER4\Clock.cpp(80,49): warning C4244:  '인수': 'float'에서 'int'(으)로 변환하면서 데이터가 손실될 수 있습니다.
C:\Users\F-04\Desktop\taeyong\제출\CHAPTER4_Timer\CHAPTER4\Clock.cpp(80,33): warning C4244:  '인수': 'float'에서 'int'(으)로 변환하면서 데이터가 손실될 수 있습니다.
C:\Users\F-04\Desktop\taeyong\제출\CHAPTER4_Timer\CHAPTER4\Clock.cpp(80,18): warning C4244:  '인수': 'float'에서 'int'(으)로 변환하면서 데이터가 손실될 수 있습니다.
C:\Users\F-04\Desktop\taeyong\제출\CHAPTER4_Timer\CHAPTER4\Clock.cpp(83,66): warning C4244:  '인수': 'float'에서 'int'(으)로 변환하면서 데이터가 손실될 수 있습니다.
C:\Users\F-04\Desktop\taeyong\제출\CHAPTER4_Timer\CHAPTER4\Clock.cpp(83,51): warning C4244:  '인수': 'float'에서 'int'(으)로 변환하면서 데이터가 손실될 수 있습니다.
C:\Users\F-04\Desktop\taeyong\제출\CHAPTER4_Timer\CHAPTER4\Clock.cpp(83,35): warning C4244:  '인수': 'float'에서 'int'(으)로 변환하면서 데이터가 손실될 수 있습니다.
C:\Users\F-04\Desktop\taeyong\제출\CHAPTER4_Timer\CHAPTER4\Clock.cpp(83,20): warning C4244:  '인수': 'float'에서 'int'(으)로 변환하면서 데이터가 손실될 수 있습니다.
C:\Users\F-04\Desktop\taeyong\제출\CHAPTER4_Timer\CHAPTER4\Clock.cpp(90,18): warning C4244:  '초기화 중': 'double'에서 'float'(으)로 변환하면서 데이터가 손실될 수 있습니다.
C:\Users\F-04\Desktop\taeyong\제출\CHAPTER4_Timer\CHAPTER4\Clock.cpp(91,17): warning C4244:  '초기화 중': 'double'에서 'float'(으)로 변환하면서 데이터가 손실될 수 있습니다.
C:\Users\F-04\Desktop\taeyong\제출\CHAPTER4_Timer\CHAPTER4\Clock.cpp(92,17): warning C4244:  '초기화 중': 'double'에서 'float'(으)로 변환하면서 데이터가 손실될 수 있습니다.
C:\Users\F-04\Desktop\taeyong\제출\CHAPTER4_Timer\CHAPTER4\Clock.cpp(101,19): warning C4244:  '인수': 'float'에서 'int'(으)로 변환하면서 데이터가 손실될 수 있습니다.
C:\Users\F-04\Desktop\taeyong\제출\CHAPTER4_Timer\CHAPTER4\Clock.cpp(101,16): warning C4244:  '인수': 'float'에서 'int'(으)로 변환하면서 데이터가 손실될 수 있습니다.
C:\Users\F-04\Desktop\taeyong\제출\CHAPTER4_Timer\CHAPTER4\Clock.cpp(102,55): warning C4244:  '인수': 'double'에서 'int'(으)로 변환하면서 데이터가 손실될 수 있습니다.
C:\Users\F-04\Desktop\taeyong\제출\CHAPTER4_Timer\CHAPTER4\Clock.cpp(102,16): warning C4244:  '인수': 'float'에서 'int'(으)로 변환하면서 데이터가 손실될 수 있습니다.
C:\Users\F-04\Desktop\taeyong\제출\CHAPTER4_Timer\CHAPTER4\Clock.cpp(104,19): warning C4244:  '인수': 'float'에서 'int'(으)로 변환하면서 데이터가 손실될 수 있습니다.
C:\Users\F-04\Desktop\taeyong\제출\CHAPTER4_Timer\CHAPTER4\Clock.cpp(104,16): warning C4244:  '인수': 'float'에서 'int'(으)로 변환하면서 데이터가 손실될 수 있습니다.
C:\Users\F-04\Desktop\taeyong\제출\CHAPTER4_Timer\CHAPTER4\Clock.cpp(105,50): warning C4244:  '인수': 'double'에서 'int'(으)로 변환하면서 데이터가 손실될 수 있습니다.
C:\Users\F-04\Desktop\taeyong\제출\CHAPTER4_Timer\CHAPTER4\Clock.cpp(105,16): warning C4244:  '인수': 'float'에서 'int'(으)로 변환하면서 데이터가 손실될 수 있습니다.
C:\Users\F-04\Desktop\taeyong\제출\CHAPTER4_Timer\CHAPTER4\Clock.cpp(107,19): warning C4244:  '인수': 'float'에서 'int'(으)로 변환하면서 데이터가 손실될 수 있습니다.
C:\Users\F-04\Desktop\taeyong\제출\CHAPTER4_Timer\CHAPTER4\Clock.cpp(107,16): warning C4244:  '인수': 'float'에서 'int'(으)로 변환하면서 데이터가 손실될 수 있습니다.
C:\Users\F-04\Desktop\taeyong\제출\CHAPTER4_Timer\CHAPTER4\Clock.cpp(108,51): warning C4244:  '인수': 'double'에서 'int'(으)로 변환하면서 데이터가 손실될 수 있습니다.
C:\Users\F-04\Desktop\taeyong\제출\CHAPTER4_Timer\CHAPTER4\Clock.cpp(108,16): warning C4244:  '인수': 'float'에서 'int'(으)로 변환하면서 데이터가 손실될 수 있습니다.
C:\Users\F-04\Desktop\taeyong\제출\CHAPTER4_Timer\CHAPTER4\Clock.cpp(113,15): warning C4244:  '초기화 중': 'double'에서 'float'(으)로 변환하면서 데이터가 손실될 수 있습니다.
C:\Users\F-04\Desktop\taeyong\제출\CHAPTER4_Timer\CHAPTER4\Clock.cpp(116,49): warning C4244:  '인수': 'double'에서 'int'(으)로 변환하면서 데이터가 손실될 수 있습니다.
C:\Users\F-04\Desktop\taeyong\제출\CHAPTER4_Timer\CHAPTER4\Clock.cpp(116,18): warning C4244:  '인수': 'float'에서 'int'(으)로 변환하면서 데이터가 손실될 수 있습니다.
C:\Users\F-04\Desktop\taeyong\제출\CHAPTER4_Timer\CHAPTER4\Clock.cpp(122,15): warning C4244:  '초기화 중': 'double'에서 'float'(으)로 변환하면서 데이터가 손실될 수 있습니다.
C:\Users\F-04\Desktop\taeyong\제출\CHAPTER4_Timer\CHAPTER4\Clock.cpp(125,11): warning C4244:  '=': 'float'에서 'int'(으)로 변환하면서 데이터가 손실될 수 있습니다.
C:\Users\F-04\Desktop\taeyong\제출\CHAPTER4_Timer\CHAPTER4\Clock.cpp(126,11): warning C4244:  '=': 'float'에서 'int'(으)로 변환하면서 데이터가 손실될 수 있습니다.
C:\Users\F-04\Desktop\taeyong\제출\CHAPTER4_Timer\CHAPTER4\Clock.cpp(127,11): warning C4244:  '=': 'float'에서 'int'(으)로 변환하면서 데이터가 손실될 수 있습니다.
  WinMain.cpp
  코드를 생성하고 있습니다...
C:\Users\F-04\Desktop\taeyong\제출\CHAPTER4_Timer\CHAPTER4\Clock.cpp(128,11): warning C4244:  '=': 'float'에서 'int'(으)로 변환하면서 데이터가 손실될 수 있습니다.
  CHAPTER4.vcxproj -> C:\Users\F-04\Desktop\taeyong\제출\CHAPTER4_Timer\Debug\CHAPTER4.exe
