c:\taeyong\kimtaeyong\자료구조&디자인패턴\자료구조와알고리즘\예제\chapter_2\linkedread\debug\vc141.pdb
c:\taeyong\kimtaeyong\자료구조&디자인패턴\자료구조와알고리즘\예제\chapter_2\linkedread\debug\vc141.idb
c:\taeyong\kimtaeyong\자료구조&디자인패턴\자료구조와알고리즘\예제\chapter_2\linkedread\debug\linkedread.obj
c:\taeyong\kimtaeyong\자료구조&디자인패턴\자료구조와알고리즘\예제\chapter_2\linkedread\debug\linkedread.ilk
c:\taeyong\kimtaeyong\자료구조&디자인패턴\자료구조와알고리즘\예제\chapter_2\linkedread\debug\linkedread.exe
c:\taeyong\kimtaeyong\자료구조&디자인패턴\자료구조와알고리즘\예제\chapter_2\linkedread\debug\linkedread.pdb
c:\taeyong\kimtaeyong\자료구조&디자인패턴\자료구조와알고리즘\문제제출\chapter2\linkedread\debug\linkedread.obj
c:\taeyong\kimtaeyong\자료구조&디자인패턴\자료구조와알고리즘\문제제출\chapter2\linkedread\debug\linkedread.ilk
c:\taeyong\kimtaeyong\자료구조&디자인패턴\자료구조와알고리즘\문제제출\chapter2\linkedread\debug\vc140.idb
c:\taeyong\kimtaeyong\자료구조&디자인패턴\자료구조와알고리즘\문제제출\chapter2\linkedread\debug\vc141.idb
c:\taeyong\kimtaeyong\자료구조&디자인패턴\자료구조와알고리즘\문제제출\chapter2\linkedread\debug\linkedread.pdb
c:\taeyong\kimtaeyong\자료구조&디자인패턴\자료구조와알고리즘\문제제출\chapter2\linkedread\debug\vc140.pdb
c:\taeyong\kimtaeyong\자료구조&디자인패턴\자료구조와알고리즘\문제제출\chapter2\linkedread\debug\vc141.pdb
c:\taeyong\kimtaeyong\자료구조&디자인패턴\자료구조와알고리즘\문제제출\chapter2\linkedread\debug\linkedread.exe
c:\taeyong\kimtaeyong\자료구조&디자인패턴\자료구조와알고리즘\문제제출\chapter2\linkedread\debug\linkedread.tlog\cl.command.1.tlog
c:\taeyong\kimtaeyong\자료구조&디자인패턴\자료구조와알고리즘\문제제출\chapter2\linkedread\debug\linkedread.tlog\cl.read.1.tlog
c:\taeyong\kimtaeyong\자료구조&디자인패턴\자료구조와알고리즘\문제제출\chapter2\linkedread\debug\linkedread.tlog\cl.write.1.tlog
c:\taeyong\kimtaeyong\자료구조&디자인패턴\자료구조와알고리즘\문제제출\chapter2\linkedread\debug\linkedread.tlog\link.command.1.tlog
c:\taeyong\kimtaeyong\자료구조&디자인패턴\자료구조와알고리즘\문제제출\chapter2\linkedread\debug\linkedread.tlog\link.read.1.tlog
c:\taeyong\kimtaeyong\자료구조&디자인패턴\자료구조와알고리즘\문제제출\chapter2\linkedread\debug\linkedread.tlog\link.write.1.tlog
