c:\users\edu-4\desktop\김태용\지뢰찾기\project1\project1\x64\debug\vc141.pdb
c:\users\edu-4\desktop\김태용\지뢰찾기\project1\project1\x64\debug\vc141.idb
c:\users\edu-4\desktop\김태용\지뢰찾기\project1\project1\x64\debug\gamemanager.obj
c:\users\edu-4\desktop\김태용\지뢰찾기\project1\project1\x64\debug\mapdraw.obj
c:\users\edu-4\desktop\김태용\지뢰찾기\project1\project1\x64\debug\소스.obj
c:\users\edu-4\desktop\김태용\지뢰찾기\project1\project1\x64\debug\element.obj
c:\users\edu-4\desktop\김태용\지뢰찾기\project1\x64\debug\project1.exe
c:\users\edu-4\desktop\김태용\지뢰찾기\project1\x64\debug\project1.ilk
c:\users\edu-4\desktop\김태용\지뢰찾기\project1\x64\debug\project1.pdb
c:\users\b-6\desktop\김태용\c++문제푼거\minesweeper\지뢰찾기5\project1\x64\debug\element.obj
c:\users\b-6\desktop\김태용\c++문제푼거\minesweeper\지뢰찾기5\project1\x64\debug\gamemanager.obj
c:\users\b-6\desktop\김태용\c++문제푼거\minesweeper\지뢰찾기5\project1\x64\debug\mapdraw.obj
c:\users\b-6\desktop\김태용\c++문제푼거\minesweeper\지뢰찾기5\project1\x64\debug\소스.obj
c:\users\b-6\desktop\김태용\c++문제푼거\minesweeper\지뢰찾기5\project1\x64\debug\vc141.idb
c:\users\b-6\desktop\김태용\c++문제푼거\minesweeper\지뢰찾기5\project1\x64\debug\vc141.pdb
c:\users\b-6\desktop\김태용\c++문제푼거\minesweeper\지뢰찾기5\project1\x64\debug\project1.tlog\cl.command.1.tlog
c:\users\b-6\desktop\김태용\c++문제푼거\minesweeper\지뢰찾기5\project1\x64\debug\project1.tlog\cl.read.1.tlog
c:\users\b-6\desktop\김태용\c++문제푼거\minesweeper\지뢰찾기5\project1\x64\debug\project1.tlog\cl.write.1.tlog
c:\users\b-6\desktop\김태용\c++문제푼거\minesweeper\지뢰찾기5\project1\x64\debug\project1.tlog\link.command.1.tlog
c:\users\b-6\desktop\김태용\c++문제푼거\minesweeper\지뢰찾기5\project1\x64\debug\project1.tlog\link.read.1.tlog
c:\users\b-6\desktop\김태용\c++문제푼거\minesweeper\지뢰찾기5\project1\x64\debug\project1.tlog\link.write.1.tlog
