  DBLinkedList.cpp
  GameManager.cpp
D:\study\kimtaeyong\Maze\LinkedList\Maze\MapDraw.h(14,17): warning C4838:  'int'에서 'SHORT'(으)로의 변환에는 축소 변환이 필요합니다.
D:\study\kimtaeyong\Maze\LinkedList\Maze\MapDraw.h(14,20): warning C4838:  'int'에서 'SHORT'(으)로의 변환에는 축소 변환이 필요합니다.
D:\study\kimtaeyong\Maze\LinkedList\Maze\GameManager.cpp(155,1): warning C4996:  'kbhit': The POSIX name for this item is deprecated. Instead, use the ISO C and C++ conformant name: _kbhit. See online help for details.
C:\Program Files (x86)\Windows Kits\10\Include\10.0.17763.0\ucrt\conio.h(459): message :  'kbhit' 선언을 참조하십시오.
D:\study\kimtaeyong\Maze\LinkedList\Maze\GameManager.cpp(158,1): warning C4996:  'getch': The POSIX name for this item is deprecated. Instead, use the ISO C and C++ conformant name: _getch. See online help for details.
  Main.cpp
C:\Program Files (x86)\Windows Kits\10\Include\10.0.17763.0\ucrt\conio.h(453): message :  'getch' 선언을 참조하십시오.
D:\study\kimtaeyong\Maze\LinkedList\Maze\MapDraw.h(14,17): warning C4838:  'int'에서 'SHORT'(으)로의 변환에는 축소 변환이 필요합니다.
  MapDraw.cpp
D:\study\kimtaeyong\Maze\LinkedList\Maze\MapDraw.h(14,20): warning C4838:  'int'에서 'SHORT'(으)로의 변환에는 축소 변환이 필요합니다.
D:\study\kimtaeyong\Maze\LinkedList\Maze\MapDraw.h(14,17): warning C4838:  'int'에서 'SHORT'(으)로의 변환에는 축소 변환이 필요합니다.
D:\study\kimtaeyong\Maze\LinkedList\Maze\MapDraw.h(14,20): warning C4838:  'int'에서 'SHORT'(으)로의 변환에는 축소 변환이 필요합니다.
  Point.cpp
D:\study\kimtaeyong\Maze\LinkedList\Maze\MapDraw.cpp(28,22): warning C4267:  '-=': 'size_t'에서 'int'(으)로 변환하면서 데이터가 손실될 수 있습니다.
D:\study\kimtaeyong\Maze\LinkedList\Maze\MapDraw.h(14,17): warning C4838:  'int'에서 'SHORT'(으)로의 변환에는 축소 변환이 필요합니다.
  Point.h
  코드를 생성하고 있습니다...
D:\study\kimtaeyong\Maze\LinkedList\Maze\MapDraw.h(14,20): warning C4838:  'int'에서 'SHORT'(으)로의 변환에는 축소 변환이 필요합니다.
x64\Debug\Point.obj : warning LNK4042: 개체가 두 번 이상 지정되었습니다. 나머지는 무시됩니다.
  Maze.vcxproj -> D:\study\kimtaeyong\Maze\LinkedList\x64\Debug\Maze.exe
